2025-02-18 12:35:49.925 [2025-02-18 12:35:49,925  INFO elk-app,,] 19304 --- [  restartedMain] demoapp.EllLoggingSimpleApplication : Starting EllLoggingSimpleApplication using Java 17.0.10 with PID 19304 (D:\EclipseWorkspaces\wsp_Apr2024\ell-logging-simple\target\classes started by Soham Sengupta in D:\EclipseWorkspaces\wsp_Apr2024\ell-logging-simple)
2025-02-18 12:35:49.936 [2025-02-18 12:35:49,936  INFO elk-app,,] 19304 --- [  restartedMain] demoapp.EllLoggingSimpleApplication : No active profile set, falling back to 1 default profile: "default"
2025-02-18 12:35:51.376 [2025-02-18 12:35:51,376  INFO elk-app,,] 19304 --- [  restartedMain] org.apache.coyote.http11.Http11NioProtocol : Initializing ProtocolHandler ["http-nio-8080"]
2025-02-18 12:35:51.380 [2025-02-18 12:35:51,380  INFO elk-app,,] 19304 --- [  restartedMain] org.apache.catalina.core.StandardService : Starting service [Tomcat]
2025-02-18 12:35:51.381 [2025-02-18 12:35:51,381  INFO elk-app,,] 19304 --- [  restartedMain] org.apache.catalina.core.StandardEngine : Starting Servlet engine: [Apache Tomcat/10.1.34]
2025-02-18 12:35:51.447 [2025-02-18 12:35:51,447  INFO elk-app,,] 19304 --- [  restartedMain] org.apache.catalina.core.ContainerBase.[Tomcat].[localhost].[/] : Initializing Spring embedded WebApplicationContext
2025-02-18 12:35:52.994 [2025-02-18 12:35:52,994  INFO elk-app,,] 19304 --- [  restartedMain] org.apache.coyote.http11.Http11NioProtocol : Starting ProtocolHandler ["http-nio-8080"]
2025-02-18 12:35:53.023 [2025-02-18 12:35:53,023  INFO elk-app,,] 19304 --- [  restartedMain] demoapp.EllLoggingSimpleApplication : Started EllLoggingSimpleApplication in 3.414 seconds (process running for 4.532)
2025-02-18 12:35:53.859 [2025-02-18 12:35:53,859  INFO elk-app,,] 19304 --- [on(3)-127.0.0.1] org.apache.catalina.core.ContainerBase.[Tomcat].[localhost].[/] : Initializing Spring DispatcherServlet 'dispatcherServlet'
2025-02-18 12:36:18.062 [2025-02-18 12:36:18,062  INFO elk-app,67b43169942e9c80a4bb28e6d2c49730,a4bb28e6d2c49730] 19304 --- [nio-8080-exec-1] demoapp.controller.RC : invoked method ::: Received : soham
2025-02-18 12:36:18.062 [2025-02-18 12:36:18,062  INFO elk-app,67b43169942e9c80a4bb28e6d2c49730,a4bb28e6d2c49730] 19304 --- [nio-8080-exec-1] demoapp.controller.RC : first span
2025-02-18 12:36:18.062 [2025-02-18 12:36:18,062  INFO elk-app,67b43169942e9c80a4bb28e6d2c49730,a4bb28e6d2c49730] 19304 --- [nio-8080-exec-1] demoapp.service.SomeService : Hii... 2nd span
2025-02-18 12:36:18.247 [2025-02-18 12:36:18,247  INFO elk-app,67b43169942e9c80a4bb28e6d2c49730,d4a6ddcc047b6851] 19304 --- [nio-8080-exec-3] demoapp.controller.RC : ping-------
2025-02-18 12:36:18.310 [2025-02-18 12:36:18,310  INFO elk-app,67b43169942e9c80a4bb28e6d2c49730,a4bb28e6d2c49730] 19304 --- [nio-8080-exec-1] demoapp.service.SomeService : Here is response : Hello Dear
2025-02-18 12:37:03.386 [2025-02-18 12:37:03,386  INFO elk-app,67b4319722ec1fd824a00ade343ef7b5,24a00ade343ef7b5] 19304 --- [nio-8080-exec-2] demoapp.controller.RC : invoked method ::: Received : soham
2025-02-18 12:37:03.386 [2025-02-18 12:37:03,386  INFO elk-app,67b4319722ec1fd824a00ade343ef7b5,24a00ade343ef7b5] 19304 --- [nio-8080-exec-2] demoapp.controller.RC : first span
2025-02-18 12:37:03.386 [2025-02-18 12:37:03,386  INFO elk-app,67b4319722ec1fd824a00ade343ef7b5,24a00ade343ef7b5] 19304 --- [nio-8080-exec-2] demoapp.service.SomeService : Hii... 2nd span
2025-02-18 12:37:03.392 [2025-02-18 12:37:03,392  INFO elk-app,67b4319722ec1fd824a00ade343ef7b5,a549dc6e8e4a3eda] 19304 --- [nio-8080-exec-6] demoapp.controller.RC : ping-------
2025-02-18 12:37:03.396 [2025-02-18 12:37:03,396  INFO elk-app,67b4319722ec1fd824a00ade343ef7b5,24a00ade343ef7b5] 19304 --- [nio-8080-exec-2] demoapp.service.SomeService : Here is response : Hello Dear
2025-02-18 12:40:49.518 [2025-02-18 12:40:49,518  INFO elk-app,,] 19304 --- [tomcat-shutdown] org.apache.coyote.http11.Http11NioProtocol : Pausing ProtocolHandler ["http-nio-8080"]
2025-02-18 12:40:49.700 [2025-02-18 12:40:49,700  INFO elk-app,,] 19304 --- [on(8)-127.0.0.1] org.apache.coyote.http11.Http11NioProtocol : Stopping ProtocolHandler ["http-nio-8080"]
2025-02-18 12:52:10.009 [2025-02-18 12:52:10,009  INFO elk-app,,] 18068 --- [  restartedMain] demoapp.EllLoggingSimpleApplication : Starting EllLoggingSimpleApplication using Java 17.0.10 with PID 18068 (D:\EclipseWorkspaces\wsp_Apr2024\ell-logging-simple\target\classes started by Soham Sengupta in D:\EclipseWorkspaces\wsp_Apr2024\ell-logging-simple)
2025-02-18 12:52:10.019 [2025-02-18 12:52:10,019  INFO elk-app,,] 18068 --- [  restartedMain] demoapp.EllLoggingSimpleApplication : No active profile set, falling back to 1 default profile: "default"
2025-02-18 12:52:11.415 [2025-02-18 12:52:11,415  INFO elk-app,,] 18068 --- [  restartedMain] org.apache.coyote.http11.Http11NioProtocol : Initializing ProtocolHandler ["http-nio-8080"]
2025-02-18 12:52:11.418 [2025-02-18 12:52:11,418  INFO elk-app,,] 18068 --- [  restartedMain] org.apache.catalina.core.StandardService : Starting service [Tomcat]
2025-02-18 12:52:11.419 [2025-02-18 12:52:11,419  INFO elk-app,,] 18068 --- [  restartedMain] org.apache.catalina.core.StandardEngine : Starting Servlet engine: [Apache Tomcat/10.1.34]
2025-02-18 12:52:11.465 [2025-02-18 12:52:11,465  INFO elk-app,,] 18068 --- [  restartedMain] org.apache.catalina.core.ContainerBase.[Tomcat].[localhost].[/] : Initializing Spring embedded WebApplicationContext
2025-02-18 12:52:12.945 [2025-02-18 12:52:12,945  INFO elk-app,,] 18068 --- [  restartedMain] org.apache.coyote.http11.Http11NioProtocol : Starting ProtocolHandler ["http-nio-8080"]
2025-02-18 12:52:12.979 [2025-02-18 12:52:12,979  INFO elk-app,,] 18068 --- [  restartedMain] demoapp.EllLoggingSimpleApplication : Started EllLoggingSimpleApplication in 3.32 seconds (process running for 4.312)
2025-02-18 12:52:13.222 [2025-02-18 12:52:13,222  INFO elk-app,,] 18068 --- [on(3)-127.0.0.1] org.apache.catalina.core.ContainerBase.[Tomcat].[localhost].[/] : Initializing Spring DispatcherServlet 'dispatcherServlet'
2025-02-18 12:56:59.657 [2025-02-18 12:56:59,657  INFO elk-app,67b43643d658a66eebca23c26c45a30c,ebca23c26c45a30c] 18068 --- [nio-8080-exec-4] demoapp.controller.RC : invoked method ::: Received : soham
2025-02-18 12:56:59.657 [2025-02-18 12:56:59,657  INFO elk-app,67b43643d658a66eebca23c26c45a30c,ebca23c26c45a30c] 18068 --- [nio-8080-exec-4] demoapp.controller.RC : first span
2025-02-18 12:56:59.657 [2025-02-18 12:56:59,657  INFO elk-app,67b43643d658a66eebca23c26c45a30c,ebca23c26c45a30c] 18068 --- [nio-8080-exec-4] demoapp.service.SomeService : Hii... 2nd span
2025-02-18 12:56:59.870 [2025-02-18 12:56:59,870  INFO elk-app,67b43643d658a66eebca23c26c45a30c,20cae3d962434f72] 18068 --- [nio-8080-exec-5] demoapp.controller.RC : ping-------
2025-02-18 12:56:59.925 [2025-02-18 12:56:59,925  INFO elk-app,67b43643d658a66eebca23c26c45a30c,ebca23c26c45a30c] 18068 --- [nio-8080-exec-4] demoapp.service.SomeService : Here is response : Hello Dear
2025-02-18 12:57:05.216 [2025-02-18 12:57:05,216  INFO elk-app,,] 18068 --- [tomcat-shutdown] org.apache.coyote.http11.Http11NioProtocol : Pausing ProtocolHandler ["http-nio-8080"]
2025-02-18 12:57:05.271 [2025-02-18 12:57:05,271  INFO elk-app,,] 18068 --- [on(9)-127.0.0.1] org.apache.coyote.http11.Http11NioProtocol : Stopping ProtocolHandler ["http-nio-8080"]
2025-02-18 13:36:44.872 [2025-02-18 13:36:44,872  INFO elk-app,,] 21628 --- [  restartedMain] demoapp.EllLoggingSimpleApplication : Starting EllLoggingSimpleApplication using Java 17.0.10 with PID 21628 (D:\EclipseWorkspaces\wsp_Apr2024\ell-logging-simple\target\classes started by Soham Sengupta in D:\EclipseWorkspaces\wsp_Apr2024\ell-logging-simple)
2025-02-18 13:36:44.888 [2025-02-18 13:36:44,888  INFO elk-app,,] 21628 --- [  restartedMain] demoapp.EllLoggingSimpleApplication : No active profile set, falling back to 1 default profile: "default"
2025-02-18 13:36:46.582 [2025-02-18 13:36:46,582  INFO elk-app,,] 21628 --- [  restartedMain] org.apache.coyote.http11.Http11NioProtocol : Initializing ProtocolHandler ["http-nio-8080"]
2025-02-18 13:36:46.585 [2025-02-18 13:36:46,585  INFO elk-app,,] 21628 --- [  restartedMain] org.apache.catalina.core.StandardService : Starting service [Tomcat]
2025-02-18 13:36:46.586 [2025-02-18 13:36:46,586  INFO elk-app,,] 21628 --- [  restartedMain] org.apache.catalina.core.StandardEngine : Starting Servlet engine: [Apache Tomcat/10.1.34]
2025-02-18 13:36:46.640 [2025-02-18 13:36:46,640  INFO elk-app,,] 21628 --- [  restartedMain] org.apache.catalina.core.ContainerBase.[Tomcat].[localhost].[/] : Initializing Spring embedded WebApplicationContext
2025-02-18 13:36:48.323 [2025-02-18 13:36:48,323  INFO elk-app,,] 21628 --- [  restartedMain] org.apache.coyote.http11.Http11NioProtocol : Starting ProtocolHandler ["http-nio-8080"]
2025-02-18 13:36:48.358 [2025-02-18 13:36:48,358  INFO elk-app,,] 21628 --- [  restartedMain] demoapp.EllLoggingSimpleApplication : Started EllLoggingSimpleApplication in 3.86 seconds (process running for 4.982)
2025-02-18 13:36:52.416 [2025-02-18 13:36:52,416  INFO elk-app,,] 21628 --- [on(3)-127.0.0.1] org.apache.catalina.core.ContainerBase.[Tomcat].[localhost].[/] : Initializing Spring DispatcherServlet 'dispatcherServlet'
2025-02-18 13:37:06.319 [2025-02-18 13:37:06,319  INFO elk-app,67b43faac0a1faa33859222d4ec76d55,3859222d4ec76d55] 21628 --- [nio-8080-exec-2] demoapp.filter.TracerFilter : started doFilterInternal
2025-02-18 13:37:06.399 [2025-02-18 13:37:06,399  INFO elk-app,67b43faac0a1faa33859222d4ec76d55,3859222d4ec76d55] 21628 --- [nio-8080-exec-2] demoapp.controller.RC : invoked method ::: Received : soham
2025-02-18 13:37:06.399 [2025-02-18 13:37:06,399  INFO elk-app,67b43faac0a1faa33859222d4ec76d55,3859222d4ec76d55] 21628 --- [nio-8080-exec-2] demoapp.controller.RC : first span
2025-02-18 13:37:06.399 [2025-02-18 13:37:06,399  INFO elk-app,67b43faac0a1faa33859222d4ec76d55,3859222d4ec76d55] 21628 --- [nio-8080-exec-2] demoapp.service.SomeService : Hii... 2nd span
2025-02-18 13:37:06.606 [2025-02-18 13:37:06,606  INFO elk-app,67b43faac0a1faa33859222d4ec76d55,27d97f9f842e3768] 21628 --- [nio-8080-exec-1] demoapp.filter.TracerFilter : started doFilterInternal
2025-02-18 13:37:06.607 [2025-02-18 13:37:06,607  INFO elk-app,67b43faac0a1faa33859222d4ec76d55,27d97f9f842e3768] 21628 --- [nio-8080-exec-1] demoapp.controller.RC : ping-------
2025-02-18 13:37:06.633 [2025-02-18 13:37:06,633  INFO elk-app,67b43faac0a1faa33859222d4ec76d55,27d97f9f842e3768] 21628 --- [nio-8080-exec-1] demoapp.filter.TracerFilter : returning doFilterInternal
2025-02-18 13:37:06.666 [2025-02-18 13:37:06,666  INFO elk-app,67b43faac0a1faa33859222d4ec76d55,3859222d4ec76d55] 21628 --- [nio-8080-exec-2] demoapp.service.SomeService : Here is response : Hello Dear
2025-02-18 13:37:06.674 [2025-02-18 13:37:06,674  INFO elk-app,67b43faac0a1faa33859222d4ec76d55,3859222d4ec76d55] 21628 --- [nio-8080-exec-2] demoapp.filter.TracerFilter : returning doFilterInternal
2025-02-18 13:39:00.422 [2025-02-18 13:39:00,422  INFO elk-app,,] 21628 --- [tomcat-shutdown] org.apache.coyote.http11.Http11NioProtocol : Pausing ProtocolHandler ["http-nio-8080"]
2025-02-18 13:39:00.489 [2025-02-18 13:39:00,489  INFO elk-app,,] 21628 --- [       Thread-5] org.apache.coyote.http11.Http11NioProtocol : Stopping ProtocolHandler ["http-nio-8080"]
2025-02-18 13:39:00.595 [2025-02-18 13:39:00,595  INFO elk-app,,] 21628 --- [  restartedMain] demoapp.EllLoggingSimpleApplication : Starting EllLoggingSimpleApplication using Java 17.0.10 with PID 21628 (D:\EclipseWorkspaces\wsp_Apr2024\ell-logging-simple\target\classes started by Soham Sengupta in D:\EclipseWorkspaces\wsp_Apr2024\ell-logging-simple)
2025-02-18 13:39:00.596 [2025-02-18 13:39:00,596  INFO elk-app,,] 21628 --- [  restartedMain] demoapp.EllLoggingSimpleApplication : No active profile set, falling back to 1 default profile: "default"
2025-02-18 13:39:01.000 [2025-02-18 13:39:01,000  INFO elk-app,,] 21628 --- [  restartedMain] org.apache.coyote.http11.Http11NioProtocol : Initializing ProtocolHandler ["http-nio-8080"]
2025-02-18 13:39:01.001 [2025-02-18 13:39:01,001  INFO elk-app,,] 21628 --- [  restartedMain] org.apache.catalina.core.StandardService : Starting service [Tomcat]
2025-02-18 13:39:01.001 [2025-02-18 13:39:01,001  INFO elk-app,,] 21628 --- [  restartedMain] org.apache.catalina.core.StandardEngine : Starting Servlet engine: [Apache Tomcat/10.1.34]
2025-02-18 13:39:01.021 [2025-02-18 13:39:01,021  INFO elk-app,,] 21628 --- [  restartedMain] org.apache.catalina.core.ContainerBase.[Tomcat].[localhost].[/] : Initializing Spring embedded WebApplicationContext
2025-02-18 13:39:01.866 [2025-02-18 13:39:01,866  INFO elk-app,,] 21628 --- [  restartedMain] org.apache.coyote.http11.Http11NioProtocol : Starting ProtocolHandler ["http-nio-8080"]
2025-02-18 13:39:01.881 [2025-02-18 13:39:01,881  INFO elk-app,,] 21628 --- [  restartedMain] demoapp.EllLoggingSimpleApplication : Started EllLoggingSimpleApplication in 1.332 seconds (process running for 138.502)
2025-02-18 13:39:01.883 [2025-02-18 13:39:01,883  INFO elk-app,,] 21628 --- [tomcat-shutdown] org.apache.coyote.http11.Http11NioProtocol : Pausing ProtocolHandler ["http-nio-8080"]
2025-02-18 13:39:01.950 [2025-02-18 13:39:01,950  INFO elk-app,,] 21628 --- [on(5)-127.0.0.1] org.apache.coyote.http11.Http11NioProtocol : Stopping ProtocolHandler ["http-nio-8080"]
2025-02-18 13:39:04.426 [2025-02-18 13:39:04,426  INFO elk-app,,] 17840 --- [  restartedMain] demoapp.EllLoggingSimpleApplication : Starting EllLoggingSimpleApplication using Java 17.0.10 with PID 17840 (D:\EclipseWorkspaces\wsp_Apr2024\ell-logging-simple\target\classes started by Soham Sengupta in D:\EclipseWorkspaces\wsp_Apr2024\ell-logging-simple)
2025-02-18 13:39:04.438 [2025-02-18 13:39:04,438  INFO elk-app,,] 17840 --- [  restartedMain] demoapp.EllLoggingSimpleApplication : No active profile set, falling back to 1 default profile: "default"
2025-02-18 13:39:05.933 [2025-02-18 13:39:05,933  INFO elk-app,,] 17840 --- [  restartedMain] org.apache.coyote.http11.Http11NioProtocol : Initializing ProtocolHandler ["http-nio-8080"]
2025-02-18 13:39:05.937 [2025-02-18 13:39:05,937  INFO elk-app,,] 17840 --- [  restartedMain] org.apache.catalina.core.StandardService : Starting service [Tomcat]
2025-02-18 13:39:05.938 [2025-02-18 13:39:05,938  INFO elk-app,,] 17840 --- [  restartedMain] org.apache.catalina.core.StandardEngine : Starting Servlet engine: [Apache Tomcat/10.1.34]
2025-02-18 13:39:05.995 [2025-02-18 13:39:05,995  INFO elk-app,,] 17840 --- [  restartedMain] org.apache.catalina.core.ContainerBase.[Tomcat].[localhost].[/] : Initializing Spring embedded WebApplicationContext
2025-02-18 13:39:07.635 [2025-02-18 13:39:07,635  INFO elk-app,,] 17840 --- [  restartedMain] org.apache.coyote.http11.Http11NioProtocol : Starting ProtocolHandler ["http-nio-8080"]
2025-02-18 13:39:07.671 [2025-02-18 13:39:07,671  INFO elk-app,,] 17840 --- [  restartedMain] demoapp.EllLoggingSimpleApplication : Started EllLoggingSimpleApplication in 3.58 seconds (process running for 4.658)
2025-02-18 13:39:08.163 [2025-02-18 13:39:08,163  INFO elk-app,,] 17840 --- [on(3)-127.0.0.1] org.apache.catalina.core.ContainerBase.[Tomcat].[localhost].[/] : Initializing Spring DispatcherServlet 'dispatcherServlet'
2025-02-18 13:39:13.260 [2025-02-18 13:39:13,260  INFO elk-app,67b4402956d05baf824849590e9ef793,824849590e9ef793] 17840 --- [nio-8080-exec-1] demoapp.filter.TracerFilter : started doFilterInternal
2025-02-18 13:39:13.294 [2025-02-18 13:39:13,294  INFO elk-app,67b4402956d05baf824849590e9ef793,824849590e9ef793] 17840 --- [nio-8080-exec-1] demoapp.controller.RC : invoked method ::: Received : soham
2025-02-18 13:39:13.295 [2025-02-18 13:39:13,295  INFO elk-app,67b4402956d05baf824849590e9ef793,824849590e9ef793] 17840 --- [nio-8080-exec-1] demoapp.controller.RC : first span
2025-02-18 13:39:13.295 [2025-02-18 13:39:13,295  INFO elk-app,67b4402956d05baf824849590e9ef793,824849590e9ef793] 17840 --- [nio-8080-exec-1] demoapp.service.SomeService : Hii... 2nd span
2025-02-18 13:39:13.389 [2025-02-18 13:39:13,389  INFO elk-app,67b4402956d05baf824849590e9ef793,f69cfae77ee12c42] 17840 --- [nio-8080-exec-2] demoapp.filter.TracerFilter : started doFilterInternal
2025-02-18 13:39:13.390 [2025-02-18 13:39:13,390  INFO elk-app,67b4402956d05baf824849590e9ef793,f69cfae77ee12c42] 17840 --- [nio-8080-exec-2] demoapp.controller.RC : ping-------
2025-02-18 13:39:13.406 [2025-02-18 13:39:13,406  INFO elk-app,67b4402956d05baf824849590e9ef793,f69cfae77ee12c42] 17840 --- [nio-8080-exec-2] demoapp.filter.TracerFilter : returning doFilterInternal
2025-02-18 13:39:13.428 [2025-02-18 13:39:13,428  INFO elk-app,67b4402956d05baf824849590e9ef793,824849590e9ef793] 17840 --- [nio-8080-exec-1] demoapp.service.SomeService : Here is response : Hello Dear
2025-02-18 13:39:13.432 [2025-02-18 13:39:13,432  INFO elk-app,67b4402956d05baf824849590e9ef793,824849590e9ef793] 17840 --- [nio-8080-exec-1] demoapp.filter.TracerFilter : returning doFilterInternal
2025-02-18 13:40:29.910 [2025-02-18 13:40:29,910  INFO elk-app,,] 17840 --- [tomcat-shutdown] org.apache.coyote.http11.Http11NioProtocol : Pausing ProtocolHandler ["http-nio-8080"]
2025-02-18 13:40:29.974 [2025-02-18 13:40:29,974  INFO elk-app,,] 17840 --- [on(6)-127.0.0.1] org.apache.coyote.http11.Http11NioProtocol : Stopping ProtocolHandler ["http-nio-8080"]
2025-02-18 13:40:35.132 [2025-02-18 13:40:35,132  INFO elk-app,,] 20196 --- [  restartedMain] demoapp.EllLoggingSimpleApplication : Starting EllLoggingSimpleApplication using Java 17.0.10 with PID 20196 (D:\EclipseWorkspaces\wsp_Apr2024\ell-logging-simple\target\classes started by Soham Sengupta in D:\EclipseWorkspaces\wsp_Apr2024\ell-logging-simple)
2025-02-18 13:40:35.145 [2025-02-18 13:40:35,145  INFO elk-app,,] 20196 --- [  restartedMain] demoapp.EllLoggingSimpleApplication : No active profile set, falling back to 1 default profile: "default"
2025-02-18 13:40:36.816 [2025-02-18 13:40:36,816  INFO elk-app,,] 20196 --- [  restartedMain] org.apache.coyote.http11.Http11NioProtocol : Initializing ProtocolHandler ["http-nio-8080"]
2025-02-18 13:40:36.819 [2025-02-18 13:40:36,819  INFO elk-app,,] 20196 --- [  restartedMain] org.apache.catalina.core.StandardService : Starting service [Tomcat]
2025-02-18 13:40:36.820 [2025-02-18 13:40:36,820  INFO elk-app,,] 20196 --- [  restartedMain] org.apache.catalina.core.StandardEngine : Starting Servlet engine: [Apache Tomcat/10.1.34]
2025-02-18 13:40:36.885 [2025-02-18 13:40:36,885  INFO elk-app,,] 20196 --- [  restartedMain] org.apache.catalina.core.ContainerBase.[Tomcat].[localhost].[/] : Initializing Spring embedded WebApplicationContext
2025-02-18 13:40:38.610 [2025-02-18 13:40:38,610  INFO elk-app,,] 20196 --- [  restartedMain] org.apache.coyote.http11.Http11NioProtocol : Starting ProtocolHandler ["http-nio-8080"]
2025-02-18 13:40:38.663 [2025-02-18 13:40:38,663  INFO elk-app,,] 20196 --- [  restartedMain] demoapp.EllLoggingSimpleApplication : Started EllLoggingSimpleApplication in 3.955 seconds (process running for 5.812)
2025-02-18 13:40:39.419 [2025-02-18 13:40:39,419  INFO elk-app,,] 20196 --- [on(3)-127.0.0.1] org.apache.catalina.core.ContainerBase.[Tomcat].[localhost].[/] : Initializing Spring DispatcherServlet 'dispatcherServlet'
2025-02-18 13:40:43.343 [2025-02-18 13:40:43,343  INFO elk-app,67b4408385e5b138d2a3f3b26f161cd0,d2a3f3b26f161cd0] 20196 --- [nio-8080-exec-1] demoapp.filter.TracerFilter : started doFilterInternal
2025-02-18 13:40:43.392 [2025-02-18 13:40:43,392  INFO elk-app,67b4408385e5b138d2a3f3b26f161cd0,d2a3f3b26f161cd0] 20196 --- [nio-8080-exec-1] demoapp.controller.RC : invoked method ::: Received : soham
2025-02-18 13:40:43.392 [2025-02-18 13:40:43,392  INFO elk-app,67b4408385e5b138d2a3f3b26f161cd0,d2a3f3b26f161cd0] 20196 --- [nio-8080-exec-1] demoapp.controller.RC : first span
2025-02-18 13:40:43.392 [2025-02-18 13:40:43,392  INFO elk-app,67b4408385e5b138d2a3f3b26f161cd0,d2a3f3b26f161cd0] 20196 --- [nio-8080-exec-1] demoapp.service.SomeService : Hii... 2nd span
2025-02-18 13:40:43.506 [2025-02-18 13:40:43,506  INFO elk-app,67b4408385e5b138d2a3f3b26f161cd0,ff72dfed05fae229] 20196 --- [nio-8080-exec-2] demoapp.filter.TracerFilter : started doFilterInternal
2025-02-18 13:40:43.508 [2025-02-18 13:40:43,508  INFO elk-app,67b4408385e5b138d2a3f3b26f161cd0,ff72dfed05fae229] 20196 --- [nio-8080-exec-2] demoapp.controller.RC : ping-------
2025-02-18 13:40:43.558 [2025-02-18 13:40:43,558  INFO elk-app,67b4408385e5b138d2a3f3b26f161cd0,d2a3f3b26f161cd0] 20196 --- [nio-8080-exec-1] demoapp.service.SomeService : Here is response : Hello Dear
2025-02-18 13:42:29.145 [2025-02-18 13:42:29,145  INFO elk-app,,] 500 --- [  restartedMain] demoapp.EllLoggingSimpleApplication : Starting EllLoggingSimpleApplication using Java 17.0.10 with PID 500 (D:\EclipseWorkspaces\wsp_Apr2024\ell-logging-simple\target\classes started by Soham Sengupta in D:\EclipseWorkspaces\wsp_Apr2024\ell-logging-simple)
2025-02-18 13:42:29.157 [2025-02-18 13:42:29,157  INFO elk-app,,] 500 --- [  restartedMain] demoapp.EllLoggingSimpleApplication : No active profile set, falling back to 1 default profile: "default"
2025-02-18 13:42:30.917 [2025-02-18 13:42:30,917  INFO elk-app,,] 500 --- [  restartedMain] org.apache.coyote.http11.Http11NioProtocol : Initializing ProtocolHandler ["http-nio-8080"]
2025-02-18 13:42:30.919 [2025-02-18 13:42:30,919  INFO elk-app,,] 500 --- [  restartedMain] org.apache.catalina.core.StandardService : Starting service [Tomcat]
2025-02-18 13:42:30.920 [2025-02-18 13:42:30,920  INFO elk-app,,] 500 --- [  restartedMain] org.apache.catalina.core.StandardEngine : Starting Servlet engine: [Apache Tomcat/10.1.34]
2025-02-18 13:42:30.971 [2025-02-18 13:42:30,971  INFO elk-app,,] 500 --- [  restartedMain] org.apache.catalina.core.ContainerBase.[Tomcat].[localhost].[/] : Initializing Spring embedded WebApplicationContext
2025-02-18 13:42:32.822 [2025-02-18 13:42:32,822  INFO elk-app,,] 500 --- [  restartedMain] org.apache.coyote.http11.Http11NioProtocol : Starting ProtocolHandler ["http-nio-8080"]
2025-02-18 13:42:32.871 [2025-02-18 13:42:32,871  INFO elk-app,,] 500 --- [  restartedMain] demoapp.EllLoggingSimpleApplication : Started EllLoggingSimpleApplication in 4.113 seconds (process running for 5.534)
2025-02-18 13:42:33.227 [2025-02-18 13:42:33,227  INFO elk-app,,] 500 --- [on(3)-127.0.0.1] org.apache.catalina.core.ContainerBase.[Tomcat].[localhost].[/] : Initializing Spring DispatcherServlet 'dispatcherServlet'
2025-02-18 13:42:46.861 [2025-02-18 13:42:46,861  INFO elk-app,67b440f9d431ae247e304be8a2fc682f,7e304be8a2fc682f] 500 --- [nio-8080-exec-2] demoapp.filter.TracerFilter : started doFilterInternal
2025-02-18 13:42:57.686 [2025-02-18 13:42:57,686  INFO elk-app,67b440f9d431ae247e304be8a2fc682f,7e304be8a2fc682f] 500 --- [nio-8080-exec-2] demoapp.controller.RC : invoked method ::: Received : soham
2025-02-18 13:42:57.689 [2025-02-18 13:42:57,689  INFO elk-app,67b440f9d431ae247e304be8a2fc682f,7e304be8a2fc682f] 500 --- [nio-8080-exec-2] demoapp.controller.RC : first span
2025-02-18 13:42:57.693 [2025-02-18 13:42:57,693  INFO elk-app,67b440f9d431ae247e304be8a2fc682f,7e304be8a2fc682f] 500 --- [nio-8080-exec-2] demoapp.service.SomeService : Hii... 2nd span
2025-02-18 13:43:30.643 [2025-02-18 13:43:30,643  INFO elk-app,,] 17028 --- [  restartedMain] demoapp.EllLoggingSimpleApplication : Starting EllLoggingSimpleApplication using Java 17.0.10 with PID 17028 (D:\EclipseWorkspaces\wsp_Apr2024\ell-logging-simple\target\classes started by Soham Sengupta in D:\EclipseWorkspaces\wsp_Apr2024\ell-logging-simple)
2025-02-18 13:43:30.655 [2025-02-18 13:43:30,655  INFO elk-app,,] 17028 --- [  restartedMain] demoapp.EllLoggingSimpleApplication : No active profile set, falling back to 1 default profile: "default"
2025-02-18 13:43:32.618 [2025-02-18 13:43:32,618  INFO elk-app,,] 17028 --- [  restartedMain] org.apache.coyote.http11.Http11NioProtocol : Initializing ProtocolHandler ["http-nio-8080"]
2025-02-18 13:43:32.621 [2025-02-18 13:43:32,621  INFO elk-app,,] 17028 --- [  restartedMain] org.apache.catalina.core.StandardService : Starting service [Tomcat]
2025-02-18 13:43:32.622 [2025-02-18 13:43:32,622  INFO elk-app,,] 17028 --- [  restartedMain] org.apache.catalina.core.StandardEngine : Starting Servlet engine: [Apache Tomcat/10.1.34]
2025-02-18 13:43:32.685 [2025-02-18 13:43:32,685  INFO elk-app,,] 17028 --- [  restartedMain] org.apache.catalina.core.ContainerBase.[Tomcat].[localhost].[/] : Initializing Spring embedded WebApplicationContext
2025-02-18 13:43:34.724 [2025-02-18 13:43:34,724  INFO elk-app,,] 17028 --- [  restartedMain] org.apache.coyote.http11.Http11NioProtocol : Starting ProtocolHandler ["http-nio-8080"]
2025-02-18 13:43:34.770 [2025-02-18 13:43:34,770  INFO elk-app,,] 17028 --- [  restartedMain] demoapp.EllLoggingSimpleApplication : Started EllLoggingSimpleApplication in 4.568 seconds (process running for 6.082)
2025-02-18 13:43:35.267 [2025-02-18 13:43:35,267  INFO elk-app,,] 17028 --- [on(3)-127.0.0.1] org.apache.catalina.core.ContainerBase.[Tomcat].[localhost].[/] : Initializing Spring DispatcherServlet 'dispatcherServlet'
2025-02-18 13:43:52.120 [2025-02-18 13:43:52,120  INFO elk-app,67b4413000a875d978a4fd2e0e231a42,78a4fd2e0e231a42] 17028 --- [nio-8080-exec-2] demoapp.filter.TracerFilter : started doFilterInternal
2025-02-18 13:43:57.960 [2025-02-18 13:43:57,960  INFO elk-app,67b4413000a875d978a4fd2e0e231a42,78a4fd2e0e231a42] 17028 --- [nio-8080-exec-2] demoapp.controller.RC : invoked method ::: Received : soham
2025-02-18 13:43:57.964 [2025-02-18 13:43:57,964  INFO elk-app,67b4413000a875d978a4fd2e0e231a42,78a4fd2e0e231a42] 17028 --- [nio-8080-exec-2] demoapp.controller.RC : first span
2025-02-18 13:43:57.966 [2025-02-18 13:43:57,966  INFO elk-app,67b4413000a875d978a4fd2e0e231a42,78a4fd2e0e231a42] 17028 --- [nio-8080-exec-2] demoapp.service.SomeService : Hii... 2nd span
2025-02-18 13:44:49.328 [2025-02-18 13:44:49,328  INFO elk-app,,] 10352 --- [  restartedMain] demoapp.EllLoggingSimpleApplication : Starting EllLoggingSimpleApplication using Java 17.0.10 with PID 10352 (D:\EclipseWorkspaces\wsp_Apr2024\ell-logging-simple\target\classes started by Soham Sengupta in D:\EclipseWorkspaces\wsp_Apr2024\ell-logging-simple)
2025-02-18 13:44:49.342 [2025-02-18 13:44:49,342  INFO elk-app,,] 10352 --- [  restartedMain] demoapp.EllLoggingSimpleApplication : No active profile set, falling back to 1 default profile: "default"
2025-02-18 13:44:51.113 [2025-02-18 13:44:51,113  INFO elk-app,,] 10352 --- [  restartedMain] org.apache.coyote.http11.Http11NioProtocol : Initializing ProtocolHandler ["http-nio-8080"]
2025-02-18 13:44:51.117 [2025-02-18 13:44:51,117  INFO elk-app,,] 10352 --- [  restartedMain] org.apache.catalina.core.StandardService : Starting service [Tomcat]
2025-02-18 13:44:51.118 [2025-02-18 13:44:51,118  INFO elk-app,,] 10352 --- [  restartedMain] org.apache.catalina.core.StandardEngine : Starting Servlet engine: [Apache Tomcat/10.1.34]
2025-02-18 13:44:51.178 [2025-02-18 13:44:51,178  INFO elk-app,,] 10352 --- [  restartedMain] org.apache.catalina.core.ContainerBase.[Tomcat].[localhost].[/] : Initializing Spring embedded WebApplicationContext
2025-02-18 13:44:53.128 [2025-02-18 13:44:53,128  INFO elk-app,,] 10352 --- [  restartedMain] org.apache.coyote.http11.Http11NioProtocol : Starting ProtocolHandler ["http-nio-8080"]
2025-02-18 13:44:53.178 [2025-02-18 13:44:53,178  INFO elk-app,,] 10352 --- [  restartedMain] demoapp.EllLoggingSimpleApplication : Started EllLoggingSimpleApplication in 4.285 seconds (process running for 5.916)
2025-02-18 13:44:53.770 [2025-02-18 13:44:53,770  INFO elk-app,,] 10352 --- [on(3)-127.0.0.1] org.apache.catalina.core.ContainerBase.[Tomcat].[localhost].[/] : Initializing Spring DispatcherServlet 'dispatcherServlet'
2025-02-18 13:45:24.844 [2025-02-18 13:45:24,844  INFO elk-app,67b441928bf2bbe5933db635874939ba,933db635874939ba] 10352 --- [nio-8080-exec-1] demoapp.filter.TracerFilter : started doFilterInternal
2025-02-18 13:45:30.717 [2025-02-18 13:45:30,717  INFO elk-app,67b441928bf2bbe5933db635874939ba,933db635874939ba] 10352 --- [nio-8080-exec-1] demoapp.controller.RC : invoked method ::: Received : soham
2025-02-18 13:45:30.718 [2025-02-18 13:45:30,718  INFO elk-app,67b441928bf2bbe5933db635874939ba,933db635874939ba] 10352 --- [nio-8080-exec-1] demoapp.controller.RC : first span
2025-02-18 13:45:30.718 [2025-02-18 13:45:30,718  INFO elk-app,67b441928bf2bbe5933db635874939ba,933db635874939ba] 10352 --- [nio-8080-exec-1] demoapp.service.SomeService : Hii... 2nd span
2025-02-18 13:45:33.483 [2025-02-18 13:45:33,483  INFO elk-app,67b441928bf2bbe5933db635874939ba,567d0749231610d2] 10352 --- [nio-8080-exec-3] demoapp.filter.TracerFilter : started doFilterInternal
2025-02-18 13:45:35.770 [2025-02-18 13:45:35,770  INFO elk-app,67b441928bf2bbe5933db635874939ba,567d0749231610d2] 10352 --- [nio-8080-exec-3] demoapp.controller.RC : ping-------
2025-02-18 13:45:35.832 [2025-02-18 13:45:35,832  INFO elk-app,67b441928bf2bbe5933db635874939ba,933db635874939ba] 10352 --- [nio-8080-exec-1] demoapp.service.SomeService : Here is response : Hello Dear
2025-02-18 13:45:49.180 [2025-02-18 13:45:49,180  INFO elk-app,67b441928bf2bbe5933db635874939ba,567d0749231610d2] 10352 --- [nio-8080-exec-3] demoapp.filter.TracerFilter : returning doFilterInternal
2025-02-18 13:46:29.049 [2025-02-18 13:46:29,049  INFO elk-app,67b441928bf2bbe5933db635874939ba,933db635874939ba] 10352 --- [nio-8080-exec-1] demoapp.filter.TracerFilter : returning doFilterInternal
2025-02-18 13:46:58.732 [2025-02-18 13:46:58,732  INFO elk-app,,] 10352 --- [tomcat-shutdown] org.apache.coyote.http11.Http11NioProtocol : Pausing ProtocolHandler ["http-nio-8080"]
2025-02-18 13:46:58.801 [2025-02-18 13:46:58,801  INFO elk-app,,] 10352 --- [       Thread-5] org.apache.coyote.http11.Http11NioProtocol : Stopping ProtocolHandler ["http-nio-8080"]
2025-02-18 13:46:58.923 [2025-02-18 13:46:58,923  INFO elk-app,,] 10352 --- [  restartedMain] demoapp.EllLoggingSimpleApplication : Starting EllLoggingSimpleApplication using Java 17.0.10 with PID 10352 (D:\EclipseWorkspaces\wsp_Apr2024\ell-logging-simple\target\classes started by Soham Sengupta in D:\EclipseWorkspaces\wsp_Apr2024\ell-logging-simple)
2025-02-18 13:46:58.924 [2025-02-18 13:46:58,924  INFO elk-app,,] 10352 --- [  restartedMain] demoapp.EllLoggingSimpleApplication : No active profile set, falling back to 1 default profile: "default"
2025-02-18 13:46:59.423 [2025-02-18 13:46:59,423  INFO elk-app,,] 10352 --- [  restartedMain] org.apache.coyote.http11.Http11NioProtocol : Initializing ProtocolHandler ["http-nio-8080"]
2025-02-18 13:46:59.424 [2025-02-18 13:46:59,424  INFO elk-app,,] 10352 --- [  restartedMain] org.apache.catalina.core.StandardService : Starting service [Tomcat]
2025-02-18 13:46:59.424 [2025-02-18 13:46:59,424  INFO elk-app,,] 10352 --- [  restartedMain] org.apache.catalina.core.StandardEngine : Starting Servlet engine: [Apache Tomcat/10.1.34]
2025-02-18 13:46:59.441 [2025-02-18 13:46:59,441  INFO elk-app,,] 10352 --- [  restartedMain] org.apache.catalina.core.ContainerBase.[Tomcat].[localhost].[/] : Initializing Spring embedded WebApplicationContext
2025-02-18 13:47:00.363 [2025-02-18 13:47:00,363  INFO elk-app,,] 10352 --- [  restartedMain] org.apache.coyote.http11.Http11NioProtocol : Starting ProtocolHandler ["http-nio-8080"]
2025-02-18 13:47:00.385 [2025-02-18 13:47:00,385  INFO elk-app,,] 10352 --- [  restartedMain] demoapp.EllLoggingSimpleApplication : Started EllLoggingSimpleApplication in 1.518 seconds (process running for 133.121)
2025-02-18 13:47:08.242 [2025-02-18 13:47:08,242  INFO elk-app,,] 10352 --- [nio-8080-exec-1] org.apache.catalina.core.ContainerBase.[Tomcat].[localhost].[/] : Initializing Spring DispatcherServlet 'dispatcherServlet'
2025-02-18 13:47:12.192 [2025-02-18 13:47:12,192  INFO elk-app,67b442040664aff8e7949b386bf305ac,e7949b386bf305ac] 10352 --- [nio-8080-exec-1] demoapp.filter.TracerFilter : started doFilterInternal
2025-02-18 13:47:13.634 [2025-02-18 13:47:13,634  INFO elk-app,67b442040664aff8e7949b386bf305ac,e7949b386bf305ac] 10352 --- [nio-8080-exec-1] demoapp.controller.RC : invoked method ::: Received : soham
2025-02-18 13:47:13.634 [2025-02-18 13:47:13,634  INFO elk-app,67b442040664aff8e7949b386bf305ac,e7949b386bf305ac] 10352 --- [nio-8080-exec-1] demoapp.controller.RC : first span
2025-02-18 13:47:13.634 [2025-02-18 13:47:13,634  INFO elk-app,67b442040664aff8e7949b386bf305ac,e7949b386bf305ac] 10352 --- [nio-8080-exec-1] demoapp.service.SomeService : Hii... 2nd span
2025-02-18 13:47:14.752 [2025-02-18 13:47:14,752  INFO elk-app,67b442040664aff8e7949b386bf305ac,885a7c68fd3dc452] 10352 --- [nio-8080-exec-2] demoapp.filter.TracerFilter : started doFilterInternal
2025-02-18 13:47:19.232 [2025-02-18 13:47:19,232  INFO elk-app,67b442040664aff8e7949b386bf305ac,885a7c68fd3dc452] 10352 --- [nio-8080-exec-2] demoapp.controller.RC : ping-------
2025-02-18 13:47:19.237 [2025-02-18 13:47:19,237  INFO elk-app,67b442040664aff8e7949b386bf305ac,e7949b386bf305ac] 10352 --- [nio-8080-exec-1] demoapp.service.SomeService : Here is response : Hello Dear
2025-02-18 13:47:20.545 [2025-02-18 13:47:20,545  INFO elk-app,67b442040664aff8e7949b386bf305ac,885a7c68fd3dc452] 10352 --- [nio-8080-exec-2] demoapp.filter.TracerFilter : returning doFilterInternal
2025-02-18 13:47:21.417 [2025-02-18 13:47:21,417  INFO elk-app,67b442040664aff8e7949b386bf305ac,e7949b386bf305ac] 10352 --- [nio-8080-exec-1] demoapp.filter.TracerFilter : returning doFilterInternal
2025-02-18 13:48:15.082 [2025-02-18 13:48:15,082  INFO elk-app,67b44242f010af1ca5f803104dd6ef9e,a5f803104dd6ef9e] 10352 --- [nio-8080-exec-4] demoapp.filter.TracerFilter : started doFilterInternal
2025-02-18 13:48:16.658 [2025-02-18 13:48:16,658  INFO elk-app,67b44242f010af1ca5f803104dd6ef9e,a5f803104dd6ef9e] 10352 --- [nio-8080-exec-4] demoapp.controller.RC : invoked method ::: Received : soham
2025-02-18 13:48:16.660 [2025-02-18 13:48:16,660  INFO elk-app,67b44242f010af1ca5f803104dd6ef9e,a5f803104dd6ef9e] 10352 --- [nio-8080-exec-4] demoapp.controller.RC : first span
2025-02-18 13:48:16.660 [2025-02-18 13:48:16,660  INFO elk-app,67b44242f010af1ca5f803104dd6ef9e,a5f803104dd6ef9e] 10352 --- [nio-8080-exec-4] demoapp.service.SomeService : Hii... 2nd span
2025-02-18 13:48:20.587 [2025-02-18 13:48:20,587  INFO elk-app,67b44242f010af1ca5f803104dd6ef9e,955ad57b43b7ecbd] 10352 --- [nio-8080-exec-5] demoapp.filter.TracerFilter : started doFilterInternal
2025-02-18 13:48:21.459 [2025-02-18 13:48:21,459  INFO elk-app,67b44242f010af1ca5f803104dd6ef9e,955ad57b43b7ecbd] 10352 --- [nio-8080-exec-5] demoapp.controller.RC : ping-------
2025-02-18 13:48:21.463 [2025-02-18 13:48:21,463  INFO elk-app,67b44242f010af1ca5f803104dd6ef9e,a5f803104dd6ef9e] 10352 --- [nio-8080-exec-4] demoapp.service.SomeService : Here is response : Hello Dear
2025-02-18 13:48:22.528 [2025-02-18 13:48:22,528  INFO elk-app,67b44242f010af1ca5f803104dd6ef9e,955ad57b43b7ecbd] 10352 --- [nio-8080-exec-5] demoapp.filter.TracerFilter : returning doFilterInternal
2025-02-18 13:48:27.257 [2025-02-18 13:48:27,257  INFO elk-app,67b44242f010af1ca5f803104dd6ef9e,a5f803104dd6ef9e] 10352 --- [nio-8080-exec-4] demoapp.filter.TracerFilter : returning doFilterInternal
2025-02-18 13:49:35.186 [2025-02-18 13:49:35,186  INFO elk-app,,] 20552 --- [  restartedMain] demoapp.EllLoggingSimpleApplication : Starting EllLoggingSimpleApplication using Java 17.0.10 with PID 20552 (D:\EclipseWorkspaces\wsp_Apr2024\ell-logging-simple\target\classes started by Soham Sengupta in D:\EclipseWorkspaces\wsp_Apr2024\ell-logging-simple)
2025-02-18 13:49:35.199 [2025-02-18 13:49:35,199  INFO elk-app,,] 20552 --- [  restartedMain] demoapp.EllLoggingSimpleApplication : No active profile set, falling back to 1 default profile: "default"
2025-02-18 13:49:37.121 [2025-02-18 13:49:37,121  INFO elk-app,,] 20552 --- [  restartedMain] org.apache.coyote.http11.Http11NioProtocol : Initializing ProtocolHandler ["http-nio-8080"]
2025-02-18 13:49:37.124 [2025-02-18 13:49:37,124  INFO elk-app,,] 20552 --- [  restartedMain] org.apache.catalina.core.StandardService : Starting service [Tomcat]
2025-02-18 13:49:37.126 [2025-02-18 13:49:37,126  INFO elk-app,,] 20552 --- [  restartedMain] org.apache.catalina.core.StandardEngine : Starting Servlet engine: [Apache Tomcat/10.1.34]
2025-02-18 13:49:37.179 [2025-02-18 13:49:37,179  INFO elk-app,,] 20552 --- [  restartedMain] org.apache.catalina.core.ContainerBase.[Tomcat].[localhost].[/] : Initializing Spring embedded WebApplicationContext
2025-02-18 13:49:39.131 [2025-02-18 13:49:39,131  INFO elk-app,,] 20552 --- [  restartedMain] org.apache.coyote.http11.Http11NioProtocol : Starting ProtocolHandler ["http-nio-8080"]
2025-02-18 13:49:39.180 [2025-02-18 13:49:39,180  INFO elk-app,,] 20552 --- [  restartedMain] demoapp.EllLoggingSimpleApplication : Started EllLoggingSimpleApplication in 4.438 seconds (process running for 6.113)
2025-02-18 13:49:39.632 [2025-02-18 13:49:39,632  INFO elk-app,,] 20552 --- [on(3)-127.0.0.1] org.apache.catalina.core.ContainerBase.[Tomcat].[localhost].[/] : Initializing Spring DispatcherServlet 'dispatcherServlet'
2025-02-18 13:49:48.226 [2025-02-18 13:49:48,226  INFO elk-app,67b4429c50f7607d76efb1c8e34af178,76efb1c8e34af178] 20552 --- [nio-8080-exec-1] demoapp.filter.TracerFilter : started doFilterInternal : /api/hello
2025-02-18 13:49:53.488 [2025-02-18 13:49:53,488  INFO elk-app,67b4429c50f7607d76efb1c8e34af178,76efb1c8e34af178] 20552 --- [nio-8080-exec-1] demoapp.controller.RC : invoked method ::: Received : soham
2025-02-18 13:49:53.491 [2025-02-18 13:49:53,491  INFO elk-app,67b4429c50f7607d76efb1c8e34af178,76efb1c8e34af178] 20552 --- [nio-8080-exec-1] demoapp.controller.RC : first span
2025-02-18 13:49:53.494 [2025-02-18 13:49:53,494  INFO elk-app,67b4429c50f7607d76efb1c8e34af178,76efb1c8e34af178] 20552 --- [nio-8080-exec-1] demoapp.service.SomeService : Hii... 2nd span
2025-02-18 13:50:27.046 [2025-02-18 13:50:27,046  INFO elk-app,,] 12224 --- [  restartedMain] demoapp.EllLoggingSimpleApplication : Starting EllLoggingSimpleApplication using Java 17.0.10 with PID 12224 (D:\EclipseWorkspaces\wsp_Apr2024\ell-logging-simple\target\classes started by Soham Sengupta in D:\EclipseWorkspaces\wsp_Apr2024\ell-logging-simple)
2025-02-18 13:50:27.060 [2025-02-18 13:50:27,060  INFO elk-app,,] 12224 --- [  restartedMain] demoapp.EllLoggingSimpleApplication : No active profile set, falling back to 1 default profile: "default"
2025-02-18 13:50:29.175 [2025-02-18 13:50:29,175  INFO elk-app,,] 12224 --- [  restartedMain] org.apache.coyote.http11.Http11NioProtocol : Initializing ProtocolHandler ["http-nio-8080"]
2025-02-18 13:50:29.180 [2025-02-18 13:50:29,180  INFO elk-app,,] 12224 --- [  restartedMain] org.apache.catalina.core.StandardService : Starting service [Tomcat]
2025-02-18 13:50:29.181 [2025-02-18 13:50:29,181  INFO elk-app,,] 12224 --- [  restartedMain] org.apache.catalina.core.StandardEngine : Starting Servlet engine: [Apache Tomcat/10.1.34]
2025-02-18 13:50:29.250 [2025-02-18 13:50:29,250  INFO elk-app,,] 12224 --- [  restartedMain] org.apache.catalina.core.ContainerBase.[Tomcat].[localhost].[/] : Initializing Spring embedded WebApplicationContext
2025-02-18 13:50:31.458 [2025-02-18 13:50:31,458  INFO elk-app,,] 12224 --- [  restartedMain] org.apache.coyote.http11.Http11NioProtocol : Starting ProtocolHandler ["http-nio-8080"]
2025-02-18 13:50:31.509 [2025-02-18 13:50:31,509  INFO elk-app,,] 12224 --- [  restartedMain] demoapp.EllLoggingSimpleApplication : Started EllLoggingSimpleApplication in 5.07 seconds (process running for 6.765)
2025-02-18 13:50:31.928 [2025-02-18 13:50:31,928  INFO elk-app,,] 12224 --- [on(3)-127.0.0.1] org.apache.catalina.core.ContainerBase.[Tomcat].[localhost].[/] : Initializing Spring DispatcherServlet 'dispatcherServlet'
2025-02-18 13:50:47.220 [2025-02-18 13:50:47,220  INFO elk-app,67b442d858d0df647e0ac6a4c1b56d77,7e0ac6a4c1b56d77] 12224 --- [nio-8080-exec-2] demoapp.filter.TracerFilter : started doFilterInternal : /api/hello
2025-02-18 13:50:49.352 [2025-02-18 13:50:49,352  INFO elk-app,67b442d858d0df647e0ac6a4c1b56d77,7e0ac6a4c1b56d77] 12224 --- [nio-8080-exec-2] demoapp.controller.RC : invoked method ::: Received : soham
2025-02-18 13:50:49.352 [2025-02-18 13:50:49,352  INFO elk-app,67b442d858d0df647e0ac6a4c1b56d77,7e0ac6a4c1b56d77] 12224 --- [nio-8080-exec-2] demoapp.controller.RC : first span
2025-02-18 13:50:49.352 [2025-02-18 13:50:49,352  INFO elk-app,67b442d858d0df647e0ac6a4c1b56d77,7e0ac6a4c1b56d77] 12224 --- [nio-8080-exec-2] demoapp.service.SomeService : Hii... 2nd span
2025-02-18 13:50:50.870 [2025-02-18 13:50:50,870  INFO elk-app,67b442d858d0df647e0ac6a4c1b56d77,7252daa87aa95cd2] 12224 --- [nio-8080-exec-1] demoapp.filter.TracerFilter : started doFilterInternal : /api/ping
2025-02-18 13:50:52.603 [2025-02-18 13:50:52,603  INFO elk-app,67b442d858d0df647e0ac6a4c1b56d77,7252daa87aa95cd2] 12224 --- [nio-8080-exec-1] demoapp.controller.RC : ping-------
2025-02-18 13:50:52.651 [2025-02-18 13:50:52,651  INFO elk-app,67b442d858d0df647e0ac6a4c1b56d77,7e0ac6a4c1b56d77] 12224 --- [nio-8080-exec-2] demoapp.service.SomeService : Here is response : Hello Dear
2025-02-18 13:50:53.770 [2025-02-18 13:50:53,770  INFO elk-app,67b442d858d0df647e0ac6a4c1b56d77,7252daa87aa95cd2] 12224 --- [nio-8080-exec-1] demoapp.filter.TracerFilter : returning doFilterInternal: /api/ping
2025-02-18 13:50:55.343 [2025-02-18 13:50:55,343  INFO elk-app,67b442d858d0df647e0ac6a4c1b56d77,7e0ac6a4c1b56d77] 12224 --- [nio-8080-exec-2] demoapp.filter.TracerFilter : returning doFilterInternal: /api/hello
